Using pre-set license
Built from '2020.3/release' branch; Version is '2020.3.12f1 (b3b2c6512326) revision 11776710'; Using compiler version '192528614'; Build Type 'Release'
OS: 'Windows 10 Pro; OS build 19042.1526; Version 2009; 64bit' Language: 'de' Physical Memory: 16310 MB
BatchMode: 1, IsHumanControllingUs: 0, StartBugReporterOnCrash: 0, Is64bit: 1, IsPro: 0

 COMMAND LINE ARGUMENTS:
D:\Gaming\Programme\UnityStuff\2020.3.12f1\Editor\Unity.exe
-adb2
-batchMode
-noUpm
-name
AssetImportWorker1
-projectPath
D:/Uni/BA HUNDE/UNITY/Dog_Project_Git/Dog_Project_3/DogAsset
-logFile
Logs/AssetImportWorker1.log
-srvPort
57844
Successfully changed project path to: D:/Uni/BA HUNDE/UNITY/Dog_Project_Git/Dog_Project_3/DogAsset
D:/Uni/BA HUNDE/UNITY/Dog_Project_Git/Dog_Project_3/DogAsset
Using Asset Import Pipeline V2.
Refreshing native plugins compatible for Editor in 65.29 ms, found 6 plugins.
Preloading 1 native plugins for Editor in 0.52 ms.
Initialize engine version: 2020.3.12f1 (b3b2c6512326)
[Subsystems] Discovering subsystems at path D:/Gaming/Programme/UnityStuff/2020.3.12f1/Editor/Data/Resources/UnitySubsystems
[Subsystems] Discovering subsystems at path D:/Uni/BA HUNDE/UNITY/Dog_Project_Git/Dog_Project_3/DogAsset/Assets
GfxDevice: creating device client; threaded=0
Direct3D:
    Version:  Direct3D 11.0 [level 11.1]
    Renderer: NVIDIA GeForce RTX 2060 (ID=0x1f08)
    Vendor:   
    VRAM:     5980 MB
    Driver:   27.21.14.6192
Shader 'Universal Render Pipeline/Particles/Lit': fallback shader 'Universal Render Pipeline/Particles/SimpleLit' not found
Shader 'Oculus/OVRMRCameraFrameLit': fallback shader 'Alpha-Diffuse' not found
Initialize mono
Mono path[0] = 'D:/Gaming/Programme/UnityStuff/2020.3.12f1/Editor/Data/Managed'
Mono path[1] = 'D:/Gaming/Programme/UnityStuff/2020.3.12f1/Editor/Data/MonoBleedingEdge/lib/mono/unityjit'
Mono config path = 'D:/Gaming/Programme/UnityStuff/2020.3.12f1/Editor/Data/MonoBleedingEdge/etc'
Using monoOptions --debugger-agent=transport=dt_socket,embedding=1,server=y,suspend=n,address=127.0.0.1:56368
Begin MonoManager ReloadAssembly
Registering precompiled unity dll's ...
Register platform support module: D:/Gaming/Programme/UnityStuff/2020.3.12f1/Editor/Data/PlaybackEngines/MacStandaloneSupport/UnityEditor.OSXStandalone.Extensions.dll
Register platform support module: D:/Gaming/Programme/UnityStuff/2020.3.12f1/Editor/Data/PlaybackEngines/WindowsStandaloneSupport/UnityEditor.WindowsStandalone.Extensions.dll
Register platform support module: D:/Gaming/Programme/UnityStuff/2020.3.12f1/Editor/Data/PlaybackEngines/LinuxStandaloneSupport/UnityEditor.LinuxStandalone.Extensions.dll
Registered in 0.000936 seconds.
Native extension for LinuxStandalone target not found
Native extension for WindowsStandalone target not found
Native extension for OSXStandalone target not found
Refreshing native plugins compatible for Editor in 59.74 ms, found 6 plugins.
Preloading 1 native plugins for Editor in 0.03 ms.
Mono: successfully reloaded assembly
- Completed reload, in  0.904 seconds
Platform modules already initialized, skipping
Registering precompiled user dll's ...
Registered in 0.002926 seconds.
Begin MonoManager ReloadAssembly
Native extension for LinuxStandalone target not found
Native extension for WindowsStandalone target not found
Native extension for OSXStandalone target not found
Refreshing native plugins compatible for Editor in 65.97 ms, found 6 plugins.
Preloading 1 native plugins for Editor in 0.03 ms.
[XR] OculusXRPlugin: registering subsystems
[XR] Unable to register display lifecyle provider: [1]
[XR] Oculus Input lifecycle provider registered.
[XR] Unable to register input lifecyle provider: [1]
[XR] OVRP version 1.67.0
Mono: successfully reloaded assembly
- Completed reload, in  2.909 seconds
Platform modules already initialized, skipping
========================================================================
Worker process is ready to serve import requests
Shader 'Universal Render Pipeline/Particles/Lit': fallback shader 'Universal Render Pipeline/Particles/SimpleLit' not found
Shader 'Oculus/OVRMRCameraFrameLit': fallback shader 'Alpha-Diffuse' not found
Launched and connected shader compiler UnityShaderCompiler.exe after 0.07 seconds
Refreshing native plugins compatible for Editor in 1.01 ms, found 6 plugins.
Preloading 1 native plugins for Editor in 0.04 ms.
Unloading 3766 Unused Serialized files (Serialized files now loaded: 0)
System memory in use before: 194.6 MB.
System memory in use after: 194.8 MB.

Unloading 46 unused Assets to reduce memory usage. Loaded Objects now: 4219.
Total: 2.458900 ms (FindLiveObjects: 0.330900 ms CreateObjectMapping: 0.085600 ms MarkObjects: 1.957900 ms  DeleteObjects: 0.083700 ms)

AssetImportParameters requested are different than current active one (requested -> active):
  custom:framework-win-MediaFoundation: 216162199b28c13a410421893ffa2e32 -> 
  custom:video-decoder-ogg-theora: a1e56fd34408186e4bbccfd4996cb3dc -> 
  custom:container-muxer-webm: aa71ff27fc2769a1b78a27578f13a17b -> 
  custom:container-demuxer-webm: 4f35f7cbe854078d1ac9338744f61a02 -> 
  custom:container-demuxer-ogg: 62fdf1f143b41e24485cea50d1cbac27 -> 
  custom:video-encoder-webm-vp8: eb34c28f22e8b96e1ab97ce403110664 -> 
  custom:video-decoder-webm-vp8: 9c59270c3fd7afecdb556c50c9e8de78 -> 
  custom:audio-decoder-ogg-vorbis: bf7c407c2cedff20999df2af8eb42d56 -> 
  custom:audio-encoder-webm-vorbis: bf7c407c2cedff20999df2af8eb42d56 -> 
========================================================================
Received Import Request.
  path: Assets/klen/Prefab/Maple_10605poly.prefab
  artifactKey: Guid(223e653109a281b498ebb2761e94ae1f) Importer(815301076,1909f56bfc062723c751e8b465ee728b)
Start importing Assets/klen/Prefab/Maple_10605poly.prefab using Guid(223e653109a281b498ebb2761e94ae1f) Importer(815301076,1909f56bfc062723c751e8b465ee728b)  -> (artifact id: '1314914be2f480bbc494c3d37d8dfa15') in 0.283487 seconds 
  Import took 0.290557 seconds .

========================================================================
Received Import Request.
  Time since last request: 0.000133 seconds.
  path: Assets/Flooded_Grounds/Prefabs/Nature/Trees/TreeCreator_Tall_A.prefab
  artifactKey: Guid(76221aed845c98e4482cc2856cc7257d) Importer(815301076,1909f56bfc062723c751e8b465ee728b)
Start importing Assets/Flooded_Grounds/Prefabs/Nature/Trees/TreeCreator_Tall_A.prefab using Guid(76221aed845c98e4482cc2856cc7257d) Importer(815301076,1909f56bfc062723c751e8b465ee728b)  -> (artifact id: 'c936bde291a6be630b6771b5ce24109e') in 0.297874 seconds 
  Import took 0.302198 seconds .

========================================================================
Received Import Request.
  Time since last request: 0.000145 seconds.
  path: Assets/klen/Prefab
  artifactKey: Guid(d3a9fef97bd564446bf5d9285a37be99) Importer(815301076,1909f56bfc062723c751e8b465ee728b)
Start importing Assets/klen/Prefab using Guid(d3a9fef97bd564446bf5d9285a37be99) Importer(815301076,1909f56bfc062723c751e8b465ee728b)  -> (artifact id: '056930725542ebef463bfb495c2d8b0b') in 0.004085 seconds 
  Import took 0.007738 seconds .

========================================================================
Received Import Request.
  Time since last request: 0.000118 seconds.
  path: Assets/klen/Prefab/Maple_2434Poly.prefab
  artifactKey: Guid(c3853362bb0876048a11fd2330a80f38) Importer(815301076,1909f56bfc062723c751e8b465ee728b)
Start importing Assets/klen/Prefab/Maple_2434Poly.prefab using Guid(c3853362bb0876048a11fd2330a80f38) Importer(815301076,1909f56bfc062723c751e8b465ee728b)  -> (artifact id: 'b0598fd90ae62cd6297f1ba71e0c7481') in 0.035440 seconds 
  Import took 0.040967 seconds .

========================================================================
Received Import Request.
  Time since last request: 0.000123 seconds.
  path: Assets/klen/Model
  artifactKey: Guid(d4aeb59c60d5a244795922fa1f0e360b) Importer(815301076,1909f56bfc062723c751e8b465ee728b)
Start importing Assets/klen/Model using Guid(d4aeb59c60d5a244795922fa1f0e360b) Importer(815301076,1909f56bfc062723c751e8b465ee728b)  -> (artifact id: '15b83d1180d89779991184234355c59b') in 0.006150 seconds 
  Import took 0.010041 seconds .

========================================================================
Received Import Request.
  Time since last request: 0.000124 seconds.
  path: Assets/klen/Prefab/Maple_8631Poly.prefab
  artifactKey: Guid(35561ca73af3a7c4898756735f464857) Importer(815301076,1909f56bfc062723c751e8b465ee728b)
Start importing Assets/klen/Prefab/Maple_8631Poly.prefab using Guid(35561ca73af3a7c4898756735f464857) Importer(815301076,1909f56bfc062723c751e8b465ee728b)  -> (artifact id: '4076887f84fe79a258214270015cce53') in 0.065171 seconds 
  Import took 0.070877 seconds .

========================================================================
Received Import Request.
  Time since last request: 0.000124 seconds.
  path: Assets/klen/Prefab/Maple_1152Poly.prefab
  artifactKey: Guid(487f418a91ce70542bdb7a0182c2d55b) Importer(815301076,1909f56bfc062723c751e8b465ee728b)
Start importing Assets/klen/Prefab/Maple_1152Poly.prefab using Guid(487f418a91ce70542bdb7a0182c2d55b) Importer(815301076,1909f56bfc062723c751e8b465ee728b)  -> (artifact id: '3af95d47278f6059ba466e793d7e8d84') in 0.032179 seconds 
  Import took 0.037883 seconds .

========================================================================
Received Import Request.
  Time since last request: 0.000176 seconds.
  path: Assets/klen/Prefab/Maple_468Poly.prefab
  artifactKey: Guid(5fba1b0c27ab5fe4888bf051c5438a80) Importer(815301076,1909f56bfc062723c751e8b465ee728b)
Start importing Assets/klen/Prefab/Maple_468Poly.prefab using Guid(5fba1b0c27ab5fe4888bf051c5438a80) Importer(815301076,1909f56bfc062723c751e8b465ee728b)  -> (artifact id: 'aba5450c912f9f4a59f51a7844a82fef') in 0.043170 seconds 
  Import took 0.049149 seconds .

========================================================================
Received Import Request.
  Time since last request: 0.000137 seconds.
  path: Assets/klen/Prefab/Maple_5423poly.prefab
  artifactKey: Guid(9cb1cd7345680be4fb1561ee1020c61b) Importer(815301076,1909f56bfc062723c751e8b465ee728b)
Start importing Assets/klen/Prefab/Maple_5423poly.prefab using Guid(9cb1cd7345680be4fb1561ee1020c61b) Importer(815301076,1909f56bfc062723c751e8b465ee728b)  -> (artifact id: '08eec2f9827b61699d95e89d626f032f') in 0.037034 seconds 
  Import took 0.042870 seconds .

========================================================================
Received Import Request.
  Time since last request: 0.000124 seconds.
  path: Assets/klen/Prefab/Maple_12338Poly.prefab
  artifactKey: Guid(0d476b35941bd3d4d8e51aeb6e9dc337) Importer(815301076,1909f56bfc062723c751e8b465ee728b)
Start importing Assets/klen/Prefab/Maple_12338Poly.prefab using Guid(0d476b35941bd3d4d8e51aeb6e9dc337) Importer(815301076,1909f56bfc062723c751e8b465ee728b)  -> (artifact id: '12810891b369c8c87ff9af91ed999e56') in 0.034498 seconds 
  Import took 0.040332 seconds .

========================================================================
Received Import Request.
  Time since last request: 0.000138 seconds.
  path: Assets/klen/Prefab/Maple_7281poly.prefab
  artifactKey: Guid(ed94a5331bd9afd47b50e26dce5d40de) Importer(815301076,1909f56bfc062723c751e8b465ee728b)
Start importing Assets/klen/Prefab/Maple_7281poly.prefab using Guid(ed94a5331bd9afd47b50e26dce5d40de) Importer(815301076,1909f56bfc062723c751e8b465ee728b)  -> (artifact id: 'b3ad25b2c00ea7694cf5857f12b064ca') in 0.033779 seconds 
  Import took 0.039498 seconds .

========================================================================
Received Import Request.
  Time since last request: 0.000142 seconds.
  path: Assets/klen/Prefab/Maple_1001Poly.prefab
  artifactKey: Guid(1c7b06a63b38a134f963bf318ec6a01a) Importer(815301076,1909f56bfc062723c751e8b465ee728b)
Start importing Assets/klen/Prefab/Maple_1001Poly.prefab using Guid(1c7b06a63b38a134f963bf318ec6a01a) Importer(815301076,1909f56bfc062723c751e8b465ee728b)  -> (artifact id: '7c3f6baf65a123b4634485ab682d40f4') in 0.004846 seconds 
  Import took 0.008588 seconds .

========================================================================
Received Import Request.
  Time since last request: 0.000110 seconds.
  path: Assets/klen/Prefab/Maple_1952Poly.prefab
  artifactKey: Guid(95604178c763044448e885f2950e685a) Importer(815301076,1909f56bfc062723c751e8b465ee728b)
Start importing Assets/klen/Prefab/Maple_1952Poly.prefab using Guid(95604178c763044448e885f2950e685a) Importer(815301076,1909f56bfc062723c751e8b465ee728b)  -> (artifact id: 'b319636eec8aeaf99c124c6a1b9b4b50') in 0.032671 seconds 
  Import took 0.038523 seconds .

========================================================================
Received Import Request.
  Time since last request: 21.522938 seconds.
  path: Assets/Flooded_Grounds/Prefabs/Nature/Trees/TreeCreator_Bush_A.prefab
  artifactKey: Guid(2c33c759b6bfb1448a79429a0c761b44) Importer(815301076,1909f56bfc062723c751e8b465ee728b)
Start importing Assets/Flooded_Grounds/Prefabs/Nature/Trees/TreeCreator_Bush_A.prefab using Guid(2c33c759b6bfb1448a79429a0c761b44) Importer(815301076,1909f56bfc062723c751e8b465ee728b)  -> (artifact id: '72766ce48a12fb2a2b2c8f1633df38ea') in 0.129285 seconds 
  Import took 0.133751 seconds .

========================================================================
Received Import Request.
  Time since last request: 19.341657 seconds.
  path: Assets/Flooded_Grounds/Prefabs/Nature/Grass/Grass_Small_D.prefab
  artifactKey: Guid(883e84064e0818d46b851b53952056f7) Importer(815301076,1909f56bfc062723c751e8b465ee728b)
Start importing Assets/Flooded_Grounds/Prefabs/Nature/Grass/Grass_Small_D.prefab using Guid(883e84064e0818d46b851b53952056f7) Importer(815301076,1909f56bfc062723c751e8b465ee728b)  -> (artifact id: 'e2273275ee7a4ad316e54cb47d5874d8') in 0.269325 seconds 
  Import took 0.273872 seconds .

========================================================================
Received Prepare
Registering precompiled user dll's ...
Registered in 0.004062 seconds.
Begin MonoManager ReloadAssembly
Native extension for LinuxStandalone target not found
Native extension for WindowsStandalone target not found
Native extension for OSXStandalone target not found
Refreshing native plugins compatible for Editor in 1.19 ms, found 6 plugins.
Preloading 1 native plugins for Editor in 0.04 ms.
Mono: successfully reloaded assembly
- Completed reload, in  0.899 seconds
Platform modules already initialized, skipping
Switching build target platform(19) subTarget(0) extendedPlatform(0) -> platform(13) subTarget(524294) extendedPlatform(0)
Shader 'Universal Render Pipeline/Particles/Lit': fallback shader 'Universal Render Pipeline/Particles/SimpleLit' not found
Shader 'Oculus/OVRMRCameraFrameLit': fallback shader 'Alpha-Diffuse' not found
Refreshing native plugins compatible for Editor in 0.90 ms, found 6 plugins.
Preloading 1 native plugins for Editor in 0.03 ms.
Unloading 3590 Unused Serialized files (Serialized files now loaded: 0)
System memory in use before: 208.2 MB.
System memory in use after: 208.5 MB.

Unloading 41 unused Assets to reduce memory usage. Loaded Objects now: 4305.
Total: 2.467300 ms (FindLiveObjects: 0.257400 ms CreateObjectMapping: 0.100900 ms MarkObjects: 2.087500 ms  DeleteObjects: 0.020700 ms)

AssetImportParameters requested are different than current active one (requested -> active):
  custom:framework-win-MediaFoundation: 216162199b28c13a410421893ffa2e32 -> 
  custom:video-decoder-ogg-theora: a1e56fd34408186e4bbccfd4996cb3dc -> 
  custom:container-muxer-webm: aa71ff27fc2769a1b78a27578f13a17b -> 
  custom:container-demuxer-webm: 4f35f7cbe854078d1ac9338744f61a02 -> 
  custom:container-demuxer-ogg: 62fdf1f143b41e24485cea50d1cbac27 -> 
  custom:video-encoder-webm-vp8: eb34c28f22e8b96e1ab97ce403110664 -> 
  custom:video-decoder-webm-vp8: 9c59270c3fd7afecdb556c50c9e8de78 -> 
  custom:graphics/normal-map-encoding: 01000000000000000000000000000000 -> 02000000000000000000000000000000
  custom:audio-decoder-ogg-vorbis: bf7c407c2cedff20999df2af8eb42d56 -> 
  custom:audio-encoder-webm-vorbis: bf7c407c2cedff20999df2af8eb42d56 -> 
========================================================================
Received Prepare
Registering precompiled user dll's ...
Registered in 0.003269 seconds.
Begin MonoManager ReloadAssembly
Native extension for LinuxStandalone target not found
Native extension for WindowsStandalone target not found
Native extension for OSXStandalone target not found
Refreshing native plugins compatible for Editor in 0.90 ms, found 6 plugins.
Preloading 1 native plugins for Editor in 0.03 ms.
Mono: successfully reloaded assembly
- Completed reload, in  0.803 seconds
Platform modules already initialized, skipping
Switching build target platform(19) subTarget(0) extendedPlatform(0) -> platform(13) subTarget(524294) extendedPlatform(0)
Shader 'Universal Render Pipeline/Particles/Lit': fallback shader 'Universal Render Pipeline/Particles/SimpleLit' not found
Shader 'Oculus/OVRMRCameraFrameLit': fallback shader 'Alpha-Diffuse' not found
Refreshing native plugins compatible for Editor in 0.93 ms, found 6 plugins.
Preloading 1 native plugins for Editor in 0.03 ms.
Unloading 3590 Unused Serialized files (Serialized files now loaded: 0)
System memory in use before: 208.3 MB.
System memory in use after: 208.5 MB.

Unloading 41 unused Assets to reduce memory usage. Loaded Objects now: 4309.
Total: 2.612300 ms (FindLiveObjects: 0.288900 ms CreateObjectMapping: 0.089300 ms MarkObjects: 2.212900 ms  DeleteObjects: 0.020500 ms)

AssetImportParameters requested are different than current active one (requested -> active):
  custom:framework-win-MediaFoundation: 216162199b28c13a410421893ffa2e32 -> 
  custom:video-decoder-ogg-theora: a1e56fd34408186e4bbccfd4996cb3dc -> 
  custom:container-muxer-webm: aa71ff27fc2769a1b78a27578f13a17b -> 
  custom:container-demuxer-webm: 4f35f7cbe854078d1ac9338744f61a02 -> 
  custom:container-demuxer-ogg: 62fdf1f143b41e24485cea50d1cbac27 -> 
  custom:video-encoder-webm-vp8: eb34c28f22e8b96e1ab97ce403110664 -> 
  custom:video-decoder-webm-vp8: 9c59270c3fd7afecdb556c50c9e8de78 -> 
  custom:graphics/normal-map-encoding: 01000000000000000000000000000000 -> 02000000000000000000000000000000
  custom:audio-decoder-ogg-vorbis: bf7c407c2cedff20999df2af8eb42d56 -> 
  custom:audio-encoder-webm-vorbis: bf7c407c2cedff20999df2af8eb42d56 -> 
========================================================================
Received Prepare
Registering precompiled user dll's ...
Registered in 0.003334 seconds.
Begin MonoManager ReloadAssembly
Native extension for LinuxStandalone target not found
Native extension for WindowsStandalone target not found
Native extension for OSXStandalone target not found
Refreshing native plugins compatible for Editor in 0.90 ms, found 6 plugins.
Preloading 1 native plugins for Editor in 0.03 ms.
Mono: successfully reloaded assembly
- Completed reload, in  0.803 seconds
Platform modules already initialized, skipping
Switching build target platform(19) subTarget(0) extendedPlatform(0) -> platform(13) subTarget(524294) extendedPlatform(0)
Shader 'Universal Render Pipeline/Particles/Lit': fallback shader 'Universal Render Pipeline/Particles/SimpleLit' not found
Shader 'Oculus/OVRMRCameraFrameLit': fallback shader 'Alpha-Diffuse' not found
Refreshing native plugins compatible for Editor in 0.90 ms, found 6 plugins.
Preloading 1 native plugins for Editor in 0.03 ms.
Unloading 3590 Unused Serialized files (Serialized files now loaded: 0)
System memory in use before: 208.3 MB.
System memory in use after: 208.6 MB.

Unloading 41 unused Assets to reduce memory usage. Loaded Objects now: 4313.
Total: 2.515300 ms (FindLiveObjects: 0.259900 ms CreateObjectMapping: 0.102400 ms MarkObjects: 2.132000 ms  DeleteObjects: 0.020200 ms)

AssetImportParameters requested are different than current active one (requested -> active):
  custom:framework-win-MediaFoundation: 216162199b28c13a410421893ffa2e32 -> 
  custom:video-decoder-ogg-theora: a1e56fd34408186e4bbccfd4996cb3dc -> 
  custom:container-muxer-webm: aa71ff27fc2769a1b78a27578f13a17b -> 
  custom:container-demuxer-webm: 4f35f7cbe854078d1ac9338744f61a02 -> 
  custom:container-demuxer-ogg: 62fdf1f143b41e24485cea50d1cbac27 -> 
  custom:video-encoder-webm-vp8: eb34c28f22e8b96e1ab97ce403110664 -> 
  custom:video-decoder-webm-vp8: 9c59270c3fd7afecdb556c50c9e8de78 -> 
  custom:graphics/normal-map-encoding: 01000000000000000000000000000000 -> 02000000000000000000000000000000
  custom:audio-decoder-ogg-vorbis: bf7c407c2cedff20999df2af8eb42d56 -> 
  custom:audio-encoder-webm-vorbis: bf7c407c2cedff20999df2af8eb42d56 -> 
========================================================================
Received Prepare
Registering precompiled user dll's ...
Registered in 0.004856 seconds.
Begin MonoManager ReloadAssembly
Native extension for LinuxStandalone target not found
Native extension for WindowsStandalone target not found
Native extension for OSXStandalone target not found
Refreshing native plugins compatible for Editor in 0.90 ms, found 6 plugins.
Preloading 1 native plugins for Editor in 0.03 ms.
Mono: successfully reloaded assembly
- Completed reload, in  0.822 seconds
Platform modules already initialized, skipping
Switching build target platform(19) subTarget(0) extendedPlatform(0) -> platform(13) subTarget(524294) extendedPlatform(0)
Shader 'Universal Render Pipeline/Particles/Lit': fallback shader 'Universal Render Pipeline/Particles/SimpleLit' not found
Shader 'Oculus/OVRMRCameraFrameLit': fallback shader 'Alpha-Diffuse' not found
Refreshing native plugins compatible for Editor in 0.89 ms, found 6 plugins.
Preloading 1 native plugins for Editor in 0.03 ms.
Unloading 3590 Unused Serialized files (Serialized files now loaded: 0)
System memory in use before: 208.4 MB.
System memory in use after: 208.6 MB.

Unloading 41 unused Assets to reduce memory usage. Loaded Objects now: 4317.
Total: 2.509500 ms (FindLiveObjects: 0.289200 ms CreateObjectMapping: 0.100900 ms MarkObjects: 2.098500 ms  DeleteObjects: 0.019900 ms)

AssetImportParameters requested are different than current active one (requested -> active):
  custom:framework-win-MediaFoundation: 216162199b28c13a410421893ffa2e32 -> 
  custom:video-decoder-ogg-theora: a1e56fd34408186e4bbccfd4996cb3dc -> 
  custom:container-muxer-webm: aa71ff27fc2769a1b78a27578f13a17b -> 
  custom:container-demuxer-webm: 4f35f7cbe854078d1ac9338744f61a02 -> 
  custom:container-demuxer-ogg: 62fdf1f143b41e24485cea50d1cbac27 -> 
  custom:video-encoder-webm-vp8: eb34c28f22e8b96e1ab97ce403110664 -> 
  custom:video-decoder-webm-vp8: 9c59270c3fd7afecdb556c50c9e8de78 -> 
  custom:graphics/normal-map-encoding: 01000000000000000000000000000000 -> 02000000000000000000000000000000
  custom:audio-decoder-ogg-vorbis: bf7c407c2cedff20999df2af8eb42d56 -> 
  custom:audio-encoder-webm-vorbis: bf7c407c2cedff20999df2af8eb42d56 -> 
AssetImportWorkerClient::OnTransportError - code=2 error=End of file
